<?xml version="1.0" encoding="UTF-8"?>
<testng-results skipped="0" failed="0" ignored="0" total="1" passed="1">
  <reporter-output>
  </reporter-output>
  <suite name="Default suite" duration-ms="7622" started-at="2020-04-21T17:57:36Z" finished-at="2020-04-21T17:57:43Z">
    <groups>
    </groups>
    <test name="Default test" duration-ms="7622" started-at="2020-04-21T17:57:36Z" finished-at="2020-04-21T17:57:43Z">
      <class name="org.testing.TestScripts.TC6">
        <test-method status="PASS" signature="testCase6()[pri:0, instance:org.testing.TestScripts.TC6@4c70fda8]" name="testCase6" duration-ms="7590" started-at="2020-04-21T17:57:36Z" finished-at="2020-04-21T17:57:43Z">
          <reporter-output>
          </reporter-output>
        </test-method> <!-- testCase6 -->
      </class> <!-- org.testing.TestScripts.TC6 -->
    </test> <!-- Default test -->
  </suite> <!-- Default suite -->
</testng-results>
