<?xml version="1.0" encoding="UTF-8"?>
<!-- Generated by org.testng.reporters.JUnitXMLReporter -->
<testsuite hostname="LAPTOP-6KSVJ6TI" ignored="0" name="Test" tests="10" failures="0" timestamp="21 Apr 2020 17:53:39 GMT" time="16.452" errors="0">
  <testcase name="testCase1" time="2.61" classname="org.testing.TestScripts.TC1"/>
  <testcase name="testCase2" time="0.06" classname="org.testing.TestScripts.TC2"/>
  <testcase name="testCase3" time="0.06" classname="org.testing.TestScripts.TC3"/>
  <testcase name="testCase4" time="0.079" classname="org.testing.TestScripts.TC4"/>
  <testcase name="testCase5" time="0.041" classname="org.testing.TestScripts.TC5"/>
  <testcase name="testCase6" time="2.896" classname="org.testing.TestScripts.TC6"/>
  <testcase name="testCase7" time="2.483" classname="org.testing.TestScripts.TC7"/>
  <testcase name="testCase8" time="2.986" classname="org.testing.TestScripts.TC8"/>
  <testcase name="testCase9" time="2.881" classname="org.testing.TestScripts.TC9"/>
  <testcase name="testCase10" time="2.274" classname="org.testing.TestScripts.TC10"/>
</testsuite> <!-- Test -->
